[2020-07-02 11:24:08,546] - [my_logger.py --> line:37] - [WARNING] : [----------警告信息----------]
[2020-07-02 11:24:08,546] - [my_logger.py --> line:38] - [ERROR] : [----------报错信息----------]
[2020-07-02 11:24:08,546] - [my_logger.py --> line:39] - [CRITICAL] : [--------严重错误信息--------]
[2020-07-02 15:56:35,542] - [my_logger.py --> line:43] - [WARNING] : [----------警告信息----------]
[2020-07-02 15:56:35,542] - [my_logger.py --> line:44] - [ERROR] : [----------报错信息----------]
[2020-07-02 15:56:35,542] - [my_logger.py --> line:45] - [CRITICAL] : [--------严重错误信息--------]
[2020-07-02 15:56:54,580] - [my_logger.py --> line:43] - [WARNING] : [----------警告信息----------]
[2020-07-02 15:56:54,581] - [my_logger.py --> line:44] - [ERROR] : [----------报错信息----------]
[2020-07-02 15:56:54,581] - [my_logger.py --> line:45] - [CRITICAL] : [--------严重错误信息--------]
[2020-07-02 16:03:20,421] - [test_login.py --> line:40] - [INFO] : [正在请求地址：http://test.lemonban.com/futureloan/mvc/api/member/login]
[2020-07-02 16:03:21,305] - [test_login.py --> line:40] - [INFO] : [正在请求地址：http://test.lemonban.com/futureloan/mvc/api/member/login]
[2020-07-02 16:03:21,698] - [test_login.py --> line:40] - [INFO] : [正在请求地址：http://test.lemonban.com/futureloan/mvc/api/member/login]
[2020-07-02 16:03:21,970] - [test_login.py --> line:40] - [INFO] : [正在请求地址：http://test.lemonban.com/futureloan/mvc/api/member/login]
[2020-07-02 16:03:22,282] - [test_login.py --> line:40] - [INFO] : [正在请求地址：http://test.lemonban.com/futureloan/mvc/api/member/login]
[2020-07-02 16:03:22,371] - [test_login.py --> line:40] - [INFO] : [正在请求地址：http://test.lemonban.com/futureloan/mvc/api/member/login]
[2020-07-02 16:03:22,468] - [test_login.py --> line:40] - [INFO] : [正在请求地址：http://test.lemonban.com/futureloan/mvc/api/member/login]
[2020-07-02 16:05:59,042] - [test_login.py --> line:40] - [INFO] : [正在请求地址：http://test.lemonban.com/futureloan/mvc/api/member/login]
[2020-07-02 16:05:59,299] - [test_login.py --> line:61] - [INFO] : [{case.title},该用例执行通过]
[2020-07-02 16:05:59,299] - [test_login.py --> line:40] - [INFO] : [正在请求地址：http://test.lemonban.com/futureloan/mvc/api/member/login]
[2020-07-02 16:05:59,571] - [test_login.py --> line:61] - [INFO] : [{case.title},该用例执行通过]
[2020-07-02 16:05:59,571] - [test_login.py --> line:40] - [INFO] : [正在请求地址：http://test.lemonban.com/futureloan/mvc/api/member/login]
[2020-07-02 16:05:59,844] - [test_login.py --> line:61] - [INFO] : [{case.title},该用例执行通过]
[2020-07-02 16:05:59,845] - [test_login.py --> line:40] - [INFO] : [正在请求地址：http://test.lemonban.com/futureloan/mvc/api/member/login]
[2020-07-02 16:06:00,156] - [test_login.py --> line:61] - [INFO] : [{case.title},该用例执行通过]
[2020-07-02 16:06:00,156] - [test_login.py --> line:40] - [INFO] : [正在请求地址：http://test.lemonban.com/futureloan/mvc/api/member/login]
[2020-07-02 16:06:00,240] - [test_login.py --> line:61] - [INFO] : [{case.title},该用例执行通过]
[2020-07-02 16:06:00,241] - [test_login.py --> line:40] - [INFO] : [正在请求地址：http://test.lemonban.com/futureloan/mvc/api/member/login]
[2020-07-02 16:06:00,331] - [test_login.py --> line:61] - [INFO] : [{case.title},该用例执行通过]
[2020-07-02 16:06:00,332] - [test_login.py --> line:40] - [INFO] : [正在请求地址：http://test.lemonban.com/futureloan/mvc/api/member/login]
[2020-07-02 16:06:00,420] - [test_login.py --> line:61] - [INFO] : [{case.title},该用例执行通过]
[2020-07-02 16:06:26,275] - [test_login.py --> line:40] - [INFO] : [正在请求地址：http://test.lemonban.com/futureloan/mvc/api/member/login]
[2020-07-02 16:06:26,564] - [test_login.py --> line:61] - [INFO] : [正常登录成功,该用例执行通过]
[2020-07-02 16:06:26,564] - [test_login.py --> line:40] - [INFO] : [正在请求地址：http://test.lemonban.com/futureloan/mvc/api/member/login]
[2020-07-02 16:06:26,853] - [test_login.py --> line:61] - [INFO] : [密码不正确,该用例执行通过]
[2020-07-02 16:06:26,853] - [test_login.py --> line:40] - [INFO] : [正在请求地址：http://test.lemonban.com/futureloan/mvc/api/member/login]
[2020-07-02 16:06:27,152] - [test_login.py --> line:61] - [INFO] : [账号不存在,该用例执行通过]
[2020-07-02 16:06:27,152] - [test_login.py --> line:40] - [INFO] : [正在请求地址：http://test.lemonban.com/futureloan/mvc/api/member/login]
[2020-07-02 16:06:27,444] - [test_login.py --> line:61] - [INFO] : [账号超长,该用例执行通过]
[2020-07-02 16:06:27,445] - [test_login.py --> line:40] - [INFO] : [正在请求地址：http://test.lemonban.com/futureloan/mvc/api/member/login]
[2020-07-02 16:06:27,537] - [test_login.py --> line:61] - [INFO] : [用户名为空,该用例执行通过]
[2020-07-02 16:06:27,537] - [test_login.py --> line:40] - [INFO] : [正在请求地址：http://test.lemonban.com/futureloan/mvc/api/member/login]
[2020-07-02 16:06:27,631] - [test_login.py --> line:61] - [INFO] : [密码为空,该用例执行通过]
[2020-07-02 16:06:27,632] - [test_login.py --> line:40] - [INFO] : [正在请求地址：http://test.lemonban.com/futureloan/mvc/api/member/login]
[2020-07-02 16:06:27,716] - [test_login.py --> line:61] - [INFO] : [用户名和密码为空,该用例执行通过]
[2020-07-02 16:09:08,080] - [test_login.py --> line:40] - [INFO] : [正在请求地址：http://test.lemonban.com/futureloan/mvc/api/member/login]
[2020-07-02 16:09:08,362] - [test_login.py --> line:61] - [INFO] : [[正常登录成功] --> 该用例执行通过]
[2020-07-02 16:09:08,363] - [test_login.py --> line:40] - [INFO] : [正在请求地址：http://test.lemonban.com/futureloan/mvc/api/member/login]
[2020-07-02 16:09:08,643] - [test_login.py --> line:61] - [INFO] : [[密码不正确] --> 该用例执行通过]
[2020-07-02 16:09:08,644] - [test_login.py --> line:40] - [INFO] : [正在请求地址：http://test.lemonban.com/futureloan/mvc/api/member/login]
[2020-07-02 16:09:08,932] - [test_login.py --> line:61] - [INFO] : [[账号不存在] --> 该用例执行通过]
[2020-07-02 16:09:08,932] - [test_login.py --> line:40] - [INFO] : [正在请求地址：http://test.lemonban.com/futureloan/mvc/api/member/login]
[2020-07-02 16:09:09,206] - [test_login.py --> line:61] - [INFO] : [[账号超长] --> 该用例执行通过]
[2020-07-02 16:09:09,206] - [test_login.py --> line:40] - [INFO] : [正在请求地址：http://test.lemonban.com/futureloan/mvc/api/member/login]
[2020-07-02 16:09:09,288] - [test_login.py --> line:61] - [INFO] : [[用户名为空] --> 该用例执行通过]
[2020-07-02 16:09:09,289] - [test_login.py --> line:40] - [INFO] : [正在请求地址：http://test.lemonban.com/futureloan/mvc/api/member/login]
[2020-07-02 16:09:09,374] - [test_login.py --> line:61] - [INFO] : [[密码为空] --> 该用例执行通过]
[2020-07-02 16:09:09,374] - [test_login.py --> line:40] - [INFO] : [正在请求地址：http://test.lemonban.com/futureloan/mvc/api/member/login]
[2020-07-02 16:09:09,472] - [test_login.py --> line:61] - [INFO] : [[用户名和密码为空] --> 该用例执行通过]
[2020-07-02 16:12:16,405] - [run_test.py --> line:5] - [INFO] : [---------------------------------------测试开始---------------------------------------]
[2020-07-02 16:12:17,008] - [test_login.py --> line:40] - [INFO] : [正在请求地址：http://test.lemonban.com/futureloan/mvc/api/member/login]
[2020-07-02 16:12:17,275] - [test_login.py --> line:61] - [INFO] : [[正常登录成功] --> 该用例执行通过]
[2020-07-02 16:12:17,275] - [test_login.py --> line:40] - [INFO] : [正在请求地址：http://test.lemonban.com/futureloan/mvc/api/member/login]
[2020-07-02 16:12:17,540] - [test_login.py --> line:61] - [INFO] : [[密码不正确] --> 该用例执行通过]
[2020-07-02 16:12:17,540] - [test_login.py --> line:40] - [INFO] : [正在请求地址：http://test.lemonban.com/futureloan/mvc/api/member/login]
[2020-07-02 16:12:17,850] - [test_login.py --> line:61] - [INFO] : [[账号不存在] --> 该用例执行通过]
[2020-07-02 16:12:17,850] - [test_login.py --> line:40] - [INFO] : [正在请求地址：http://test.lemonban.com/futureloan/mvc/api/member/login]
[2020-07-02 16:12:18,121] - [test_login.py --> line:61] - [INFO] : [[账号超长] --> 该用例执行通过]
[2020-07-02 16:12:18,121] - [test_login.py --> line:40] - [INFO] : [正在请求地址：http://test.lemonban.com/futureloan/mvc/api/member/login]
[2020-07-02 16:12:18,205] - [test_login.py --> line:61] - [INFO] : [[用户名为空] --> 该用例执行通过]
[2020-07-02 16:12:18,205] - [test_login.py --> line:40] - [INFO] : [正在请求地址：http://test.lemonban.com/futureloan/mvc/api/member/login]
[2020-07-02 16:12:18,288] - [test_login.py --> line:61] - [INFO] : [[密码为空] --> 该用例执行通过]
[2020-07-02 16:12:18,288] - [test_login.py --> line:40] - [INFO] : [正在请求地址：http://test.lemonban.com/futureloan/mvc/api/member/login]
[2020-07-02 16:12:18,376] - [test_login.py --> line:61] - [INFO] : [[用户名和密码为空] --> 该用例执行通过]
[2020-07-02 16:12:18,377] - [run_test.py --> line:18] - [INFO] : [---------------------------------------测试结束---------------------------------------]
[2020-07-02 16:22:05,280] - [run_test.py --> line:5] - [INFO] : [---------------------------------------测试开始---------------------------------------]
[2020-07-02 16:22:05,948] - [test_login.py --> line:40] - [INFO] : [正在请求地址：http://test.lemonban.com/futureloan/mvc/api/member/login]
[2020-07-02 16:22:07,104] - [test_login.py --> line:61] - [INFO] : [[正常登录成功] --> 该用例执行通过]
[2020-07-02 16:22:07,104] - [test_login.py --> line:40] - [INFO] : [正在请求地址：http://test.lemonban.com/futureloan/mvc/api/member/login]
[2020-07-02 16:22:07,357] - [test_login.py --> line:61] - [INFO] : [[密码不正确] --> 该用例执行通过]
[2020-07-02 16:22:07,357] - [test_login.py --> line:40] - [INFO] : [正在请求地址：http://test.lemonban.com/futureloan/mvc/api/member/login]
[2020-07-02 16:22:07,612] - [test_login.py --> line:61] - [INFO] : [[账号不存在] --> 该用例执行通过]
[2020-07-02 16:22:07,612] - [test_login.py --> line:40] - [INFO] : [正在请求地址：http://test.lemonban.com/futureloan/mvc/api/member/login]
[2020-07-02 16:22:07,890] - [test_login.py --> line:61] - [INFO] : [[账号超长] --> 该用例执行通过]
[2020-07-02 16:22:07,890] - [test_login.py --> line:40] - [INFO] : [正在请求地址：http://test.lemonban.com/futureloan/mvc/api/member/login]
[2020-07-02 16:22:07,984] - [test_login.py --> line:61] - [INFO] : [[用户名为空] --> 该用例执行通过]
[2020-07-02 16:22:07,984] - [test_login.py --> line:40] - [INFO] : [正在请求地址：http://test.lemonban.com/futureloan/mvc/api/member/login]
[2020-07-02 16:22:08,076] - [test_login.py --> line:61] - [INFO] : [[密码为空] --> 该用例执行通过]
[2020-07-02 16:22:08,076] - [test_login.py --> line:40] - [INFO] : [正在请求地址：http://test.lemonban.com/futureloan/mvc/api/member/login]
[2020-07-02 16:22:08,164] - [test_login.py --> line:61] - [INFO] : [[用户名和密码为空] --> 该用例执行通过]
[2020-07-02 16:22:08,165] - [run_test.py --> line:18] - [INFO] : [---------------------------------------测试结束---------------------------------------]
[2020-07-02 16:32:17,421] - [run_test.py --> line:5] - [INFO] : [---------------------------------------测试开始---------------------------------------]
[2020-07-02 16:32:18,049] - [test_login.py --> line:40] - [INFO] : [正在请求地址：http://test.lemonban.com/futureloan/mvc/api/member/login]
[2020-07-02 16:32:18,990] - [test_login.py --> line:61] - [INFO] : [[正常登录成功] --> 该用例执行通过]
[2020-07-02 16:32:18,990] - [test_login.py --> line:40] - [INFO] : [正在请求地址：http://test.lemonban.com/futureloan/mvc/api/member/login]
[2020-07-02 16:32:19,289] - [test_login.py --> line:61] - [INFO] : [[密码不正确] --> 该用例执行通过]
[2020-07-02 16:32:19,289] - [test_login.py --> line:40] - [INFO] : [正在请求地址：http://test.lemonban.com/futureloan/mvc/api/member/login]
[2020-07-02 16:32:19,574] - [test_login.py --> line:61] - [INFO] : [[账号不存在] --> 该用例执行通过]
[2020-07-02 16:32:19,574] - [test_login.py --> line:40] - [INFO] : [正在请求地址：http://test.lemonban.com/futureloan/mvc/api/member/login]
[2020-07-02 16:32:19,857] - [test_login.py --> line:61] - [INFO] : [[账号超长] --> 该用例执行通过]
[2020-07-02 16:32:19,857] - [test_login.py --> line:40] - [INFO] : [正在请求地址：http://test.lemonban.com/futureloan/mvc/api/member/login]
[2020-07-02 16:32:19,954] - [test_login.py --> line:61] - [INFO] : [[用户名为空] --> 该用例执行通过]
[2020-07-02 16:32:19,954] - [test_login.py --> line:40] - [INFO] : [正在请求地址：http://test.lemonban.com/futureloan/mvc/api/member/login]
[2020-07-02 16:32:20,043] - [test_login.py --> line:61] - [INFO] : [[密码为空] --> 该用例执行通过]
[2020-07-02 16:32:20,044] - [test_login.py --> line:40] - [INFO] : [正在请求地址：http://test.lemonban.com/futureloan/mvc/api/member/login]
[2020-07-02 16:32:20,133] - [test_login.py --> line:61] - [INFO] : [[用户名和密码为空] --> 该用例执行通过]
[2020-07-02 16:32:20,134] - [run_test.py --> line:18] - [INFO] : [---------------------------------------测试结束---------------------------------------]
[2020-07-02 16:33:07,068] - [run_test.py --> line:6] - [INFO] : [---------------------------------------测试开始---------------------------------------]
[2020-07-02 16:33:07,665] - [test_login.py --> line:40] - [INFO] : [正在请求地址：http://test.lemonban.com/futureloan/mvc/api/member/login]
[2020-07-02 16:33:07,948] - [test_login.py --> line:61] - [INFO] : [[正常登录成功] --> 该用例执行通过]
[2020-07-02 16:33:07,948] - [test_login.py --> line:40] - [INFO] : [正在请求地址：http://test.lemonban.com/futureloan/mvc/api/member/login]
[2020-07-02 16:33:08,215] - [test_login.py --> line:61] - [INFO] : [[密码不正确] --> 该用例执行通过]
[2020-07-02 16:33:08,215] - [test_login.py --> line:40] - [INFO] : [正在请求地址：http://test.lemonban.com/futureloan/mvc/api/member/login]
[2020-07-02 16:33:08,488] - [test_login.py --> line:61] - [INFO] : [[账号不存在] --> 该用例执行通过]
[2020-07-02 16:33:08,488] - [test_login.py --> line:40] - [INFO] : [正在请求地址：http://test.lemonban.com/futureloan/mvc/api/member/login]
[2020-07-02 16:33:08,762] - [test_login.py --> line:61] - [INFO] : [[账号超长] --> 该用例执行通过]
[2020-07-02 16:33:08,762] - [test_login.py --> line:40] - [INFO] : [正在请求地址：http://test.lemonban.com/futureloan/mvc/api/member/login]
[2020-07-02 16:33:08,851] - [test_login.py --> line:61] - [INFO] : [[用户名为空] --> 该用例执行通过]
[2020-07-02 16:33:08,851] - [test_login.py --> line:40] - [INFO] : [正在请求地址：http://test.lemonban.com/futureloan/mvc/api/member/login]
[2020-07-02 16:33:08,939] - [test_login.py --> line:61] - [INFO] : [[密码为空] --> 该用例执行通过]
[2020-07-02 16:33:08,939] - [test_login.py --> line:40] - [INFO] : [正在请求地址：http://test.lemonban.com/futureloan/mvc/api/member/login]
[2020-07-02 16:33:09,025] - [test_login.py --> line:61] - [INFO] : [[用户名和密码为空] --> 该用例执行通过]
[2020-07-02 16:33:09,026] - [run_test.py --> line:19] - [INFO] : [---------------------------------------测试结束---------------------------------------]
[2020-07-02 16:39:52,871] - [run_test.py --> line:6] - [INFO] : [---------------------------------------测试开始---------------------------------------]
[2020-07-02 16:42:02,115] - [run_test.py --> line:7] - [INFO] : [---------------------------------------测试开始---------------------------------------]
[2020-07-02 16:42:02,710] - [test_login.py --> line:41] - [INFO] : [正在请求地址：http://test.lemonban.com/futureloan/mvc/api/member/login]
[2020-07-02 16:42:02,976] - [test_login.py --> line:62] - [INFO] : [[正常登录成功] --> 该用例执行通过]
[2020-07-02 16:42:02,976] - [test_login.py --> line:41] - [INFO] : [正在请求地址：http://test.lemonban.com/futureloan/mvc/api/member/login]
[2020-07-02 16:42:03,282] - [test_login.py --> line:62] - [INFO] : [[密码不正确] --> 该用例执行通过]
[2020-07-02 16:42:03,282] - [test_login.py --> line:41] - [INFO] : [正在请求地址：http://test.lemonban.com/futureloan/mvc/api/member/login]
[2020-07-02 16:42:03,575] - [test_login.py --> line:62] - [INFO] : [[账号不存在] --> 该用例执行通过]
[2020-07-02 16:42:03,575] - [test_login.py --> line:41] - [INFO] : [正在请求地址：http://test.lemonban.com/futureloan/mvc/api/member/login]
[2020-07-02 16:42:03,857] - [test_login.py --> line:62] - [INFO] : [[账号超长] --> 该用例执行通过]
[2020-07-02 16:42:03,858] - [test_login.py --> line:41] - [INFO] : [正在请求地址：http://test.lemonban.com/futureloan/mvc/api/member/login]
[2020-07-02 16:42:03,951] - [test_login.py --> line:62] - [INFO] : [[用户名为空] --> 该用例执行通过]
[2020-07-02 16:42:03,951] - [test_login.py --> line:41] - [INFO] : [正在请求地址：http://test.lemonban.com/futureloan/mvc/api/member/login]
[2020-07-02 16:42:04,046] - [test_login.py --> line:62] - [INFO] : [[密码为空] --> 该用例执行通过]
[2020-07-02 16:42:04,046] - [test_login.py --> line:41] - [INFO] : [正在请求地址：http://test.lemonban.com/futureloan/mvc/api/member/login]
[2020-07-02 16:42:04,142] - [test_login.py --> line:62] - [INFO] : [[用户名和密码为空] --> 该用例执行通过]
[2020-07-02 16:42:04,142] - [run_test.py --> line:20] - [INFO] : [---------------------------------------测试结束---------------------------------------]
[2020-07-02 17:03:50,136] - [run_test.py --> line:7] - [INFO] : [---------------------------------------测试开始---------------------------------------]
[2020-07-02 17:03:50,802] - [test_login.py --> line:41] - [INFO] : [正在请求地址：http://test.lemonban.com/futureloan/mvc/api/member/login]
[2020-07-02 17:03:51,716] - [test_login.py --> line:62] - [INFO] : [[正常登录成功] --> 该用例执行通过]
[2020-07-02 17:03:51,717] - [test_login.py --> line:41] - [INFO] : [正在请求地址：http://test.lemonban.com/futureloan/mvc/api/member/login]
[2020-07-02 17:03:52,012] - [test_login.py --> line:62] - [INFO] : [[密码不正确] --> 该用例执行通过]
[2020-07-02 17:03:52,013] - [test_login.py --> line:41] - [INFO] : [正在请求地址：http://test.lemonban.com/futureloan/mvc/api/member/login]
[2020-07-02 17:03:52,302] - [test_login.py --> line:62] - [INFO] : [[账号不存在] --> 该用例执行通过]
[2020-07-02 17:03:52,302] - [test_login.py --> line:41] - [INFO] : [正在请求地址：http://test.lemonban.com/futureloan/mvc/api/member/login]
[2020-07-02 17:03:52,618] - [test_login.py --> line:62] - [INFO] : [[账号超长] --> 该用例执行通过]
[2020-07-02 17:03:52,618] - [test_login.py --> line:41] - [INFO] : [正在请求地址：http://test.lemonban.com/futureloan/mvc/api/member/login]
[2020-07-02 17:03:52,714] - [test_login.py --> line:62] - [INFO] : [[用户名为空] --> 该用例执行通过]
[2020-07-02 17:03:52,714] - [test_login.py --> line:41] - [INFO] : [正在请求地址：http://test.lemonban.com/futureloan/mvc/api/member/login]
[2020-07-02 17:03:52,806] - [test_login.py --> line:62] - [INFO] : [[密码为空] --> 该用例执行通过]
[2020-07-02 17:03:52,807] - [test_login.py --> line:41] - [INFO] : [正在请求地址：http://test.lemonban.com/futureloan/mvc/api/member/login]
[2020-07-02 17:03:52,890] - [test_login.py --> line:62] - [INFO] : [[用户名和密码为空] --> 该用例执行通过]
[2020-07-02 17:03:52,891] - [run_test.py --> line:20] - [INFO] : [---------------------------------------测试结束---------------------------------------]
[2020-07-02 17:10:37,493] - [run_test.py --> line:7] - [INFO] : [---------------------------------------测试开始---------------------------------------]
[2020-07-02 17:10:38,131] - [test_login.py --> line:41] - [INFO] : [正在请求地址：http://test.lemonban.com/futureloan/mvc/api/member/login]
[2020-07-02 17:10:38,444] - [test_login.py --> line:62] - [INFO] : [[正常登录成功] --> 该用例执行通过]
[2020-07-02 17:10:38,444] - [test_login.py --> line:41] - [INFO] : [正在请求地址：http://test.lemonban.com/futureloan/mvc/api/member/login]
[2020-07-02 17:10:38,714] - [test_login.py --> line:62] - [INFO] : [[密码不正确] --> 该用例执行通过]
[2020-07-02 17:10:38,715] - [test_login.py --> line:41] - [INFO] : [正在请求地址：http://test.lemonban.com/futureloan/mvc/api/member/login]
[2020-07-02 17:10:38,982] - [test_login.py --> line:62] - [INFO] : [[账号不存在] --> 该用例执行通过]
[2020-07-02 17:10:38,982] - [test_login.py --> line:41] - [INFO] : [正在请求地址：http://test.lemonban.com/futureloan/mvc/api/member/login]
[2020-07-02 17:10:39,260] - [test_login.py --> line:62] - [INFO] : [[账号超长] --> 该用例执行通过]
[2020-07-02 17:10:39,260] - [test_login.py --> line:41] - [INFO] : [正在请求地址：http://test.lemonban.com/futureloan/mvc/api/member/login]
[2020-07-02 17:10:39,359] - [test_login.py --> line:62] - [INFO] : [[用户名为空] --> 该用例执行通过]
[2020-07-02 17:10:39,359] - [test_login.py --> line:41] - [INFO] : [正在请求地址：http://test.lemonban.com/futureloan/mvc/api/member/login]
[2020-07-02 17:10:39,448] - [test_login.py --> line:62] - [INFO] : [[密码为空] --> 该用例执行通过]
[2020-07-02 17:10:39,448] - [test_login.py --> line:41] - [INFO] : [正在请求地址：http://test.lemonban.com/futureloan/mvc/api/member/login]
[2020-07-02 17:10:39,538] - [test_login.py --> line:62] - [INFO] : [[用户名和密码为空] --> 该用例执行通过]
[2020-07-02 17:10:39,538] - [run_test.py --> line:20] - [INFO] : [---------------------------------------测试结束---------------------------------------]
[2020-07-02 17:15:19,730] - [run_test.py --> line:7] - [INFO] : [---------------------------------------测试开始---------------------------------------]
[2020-07-02 17:15:20,344] - [test_login.py --> line:41] - [INFO] : [正在请求地址：http://test.lemonban.com/futureloan/mvc/api/member/login]
[2020-07-02 17:15:21,306] - [test_login.py --> line:62] - [INFO] : [[正常登录成功] --> 该用例执行通过]
[2020-07-02 17:15:21,306] - [test_login.py --> line:41] - [INFO] : [正在请求地址：http://test.lemonban.com/futureloan/mvc/api/member/login]
[2020-07-02 17:15:21,568] - [test_login.py --> line:62] - [INFO] : [[密码不正确] --> 该用例执行通过]
[2020-07-02 17:15:21,568] - [test_login.py --> line:41] - [INFO] : [正在请求地址：http://test.lemonban.com/futureloan/mvc/api/member/login]
[2020-07-02 17:15:21,860] - [test_login.py --> line:62] - [INFO] : [[账号不存在] --> 该用例执行通过]
[2020-07-02 17:15:21,860] - [test_login.py --> line:41] - [INFO] : [正在请求地址：http://test.lemonban.com/futureloan/mvc/api/member/login]
[2020-07-02 17:15:22,129] - [test_login.py --> line:62] - [INFO] : [[账号超长] --> 该用例执行通过]
[2020-07-02 17:15:22,129] - [test_login.py --> line:41] - [INFO] : [正在请求地址：http://test.lemonban.com/futureloan/mvc/api/member/login]
[2020-07-02 17:15:22,223] - [test_login.py --> line:62] - [INFO] : [[用户名为空] --> 该用例执行通过]
[2020-07-02 17:15:22,224] - [test_login.py --> line:41] - [INFO] : [正在请求地址：http://test.lemonban.com/futureloan/mvc/api/member/login]
[2020-07-02 17:15:22,312] - [test_login.py --> line:62] - [INFO] : [[密码为空] --> 该用例执行通过]
[2020-07-02 17:15:22,312] - [test_login.py --> line:41] - [INFO] : [正在请求地址：http://test.lemonban.com/futureloan/mvc/api/member/login]
[2020-07-02 17:15:22,411] - [test_login.py --> line:62] - [INFO] : [[用户名和密码为空] --> 该用例执行通过]
[2020-07-02 17:15:22,411] - [run_test.py --> line:20] - [INFO] : [---------------------------------------测试结束---------------------------------------]
[2020-07-02 17:20:49,887] - [run_test.py --> line:7] - [INFO] : [---------------------------------------测试开始---------------------------------------]
[2020-07-02 17:20:50,502] - [test_login.py --> line:41] - [INFO] : [正在请求地址：http://test.lemonban.com/futureloan/mvc/api/member/login]
[2020-07-02 17:20:50,778] - [test_login.py --> line:62] - [INFO] : [[正常登录成功] --> 该用例执行通过]
[2020-07-02 17:20:50,778] - [test_login.py --> line:41] - [INFO] : [正在请求地址：http://test.lemonban.com/futureloan/mvc/api/member/login]
[2020-07-02 17:20:51,079] - [test_login.py --> line:62] - [INFO] : [[密码不正确] --> 该用例执行通过]
[2020-07-02 17:20:51,079] - [test_login.py --> line:41] - [INFO] : [正在请求地址：http://test.lemonban.com/futureloan/mvc/api/member/login]
[2020-07-02 17:20:51,364] - [test_login.py --> line:62] - [INFO] : [[账号不存在] --> 该用例执行通过]
[2020-07-02 17:20:51,365] - [test_login.py --> line:41] - [INFO] : [正在请求地址：http://test.lemonban.com/futureloan/mvc/api/member/login]
[2020-07-02 17:20:51,645] - [test_login.py --> line:62] - [INFO] : [[账号超长] --> 该用例执行通过]
[2020-07-02 17:20:51,645] - [test_login.py --> line:41] - [INFO] : [正在请求地址：http://test.lemonban.com/futureloan/mvc/api/member/login]
[2020-07-02 17:20:51,737] - [test_login.py --> line:62] - [INFO] : [[用户名为空] --> 该用例执行通过]
[2020-07-02 17:20:51,737] - [test_login.py --> line:41] - [INFO] : [正在请求地址：http://test.lemonban.com/futureloan/mvc/api/member/login]
[2020-07-02 17:20:51,824] - [test_login.py --> line:62] - [INFO] : [[密码为空] --> 该用例执行通过]
[2020-07-02 17:20:51,825] - [test_login.py --> line:41] - [INFO] : [正在请求地址：http://test.lemonban.com/futureloan/mvc/api/member/login]
[2020-07-02 17:20:51,921] - [test_login.py --> line:62] - [INFO] : [[用户名和密码为空] --> 该用例执行通过]
[2020-07-02 17:20:51,922] - [run_test.py --> line:20] - [INFO] : [---------------------------------------测试结束---------------------------------------]
[2020-07-02 17:23:31,577] - [run_test.py --> line:7] - [INFO] : [---------------------------------------测试开始---------------------------------------]
[2020-07-02 17:23:32,219] - [test_login.py --> line:41] - [INFO] : [正在请求地址：http://test.lemonban.com/futureloan/mvc/api/member/login]
[2020-07-02 17:23:32,487] - [test_login.py --> line:62] - [INFO] : [[正常登录成功] --> 该用例执行通过]
[2020-07-02 17:23:32,487] - [test_login.py --> line:41] - [INFO] : [正在请求地址：http://test.lemonban.com/futureloan/mvc/api/member/login]
[2020-07-02 17:23:32,748] - [test_login.py --> line:62] - [INFO] : [[密码不正确] --> 该用例执行通过]
[2020-07-02 17:23:32,748] - [test_login.py --> line:41] - [INFO] : [正在请求地址：http://test.lemonban.com/futureloan/mvc/api/member/login]
[2020-07-02 17:23:33,012] - [test_login.py --> line:62] - [INFO] : [[账号不存在] --> 该用例执行通过]
[2020-07-02 17:23:33,012] - [test_login.py --> line:41] - [INFO] : [正在请求地址：http://test.lemonban.com/futureloan/mvc/api/member/login]
[2020-07-02 17:23:33,528] - [test_login.py --> line:62] - [INFO] : [[账号超长] --> 该用例执行通过]
[2020-07-02 17:23:33,528] - [test_login.py --> line:41] - [INFO] : [正在请求地址：http://test.lemonban.com/futureloan/mvc/api/member/login]
[2020-07-02 17:23:33,618] - [test_login.py --> line:62] - [INFO] : [[用户名为空] --> 该用例执行通过]
[2020-07-02 17:23:33,618] - [test_login.py --> line:41] - [INFO] : [正在请求地址：http://test.lemonban.com/futureloan/mvc/api/member/login]
[2020-07-02 17:23:33,718] - [test_login.py --> line:62] - [INFO] : [[密码为空] --> 该用例执行通过]
[2020-07-02 17:23:33,718] - [test_login.py --> line:41] - [INFO] : [正在请求地址：http://test.lemonban.com/futureloan/mvc/api/member/login]
[2020-07-02 17:23:33,810] - [test_login.py --> line:62] - [INFO] : [[用户名和密码为空] --> 该用例执行通过]
[2020-07-02 17:23:33,811] - [run_test.py --> line:20] - [INFO] : [---------------------------------------测试结束---------------------------------------]
[2020-07-02 17:23:42,037] - [run_test.py --> line:7] - [INFO] : [---------------------------------------测试开始---------------------------------------]
[2020-07-02 17:23:42,675] - [test_login.py --> line:41] - [INFO] : [正在请求地址：http://test.lemonban.com/futureloan/mvc/api/member/login]
[2020-07-02 17:23:42,933] - [test_login.py --> line:62] - [INFO] : [[正常登录成功] --> 该用例执行通过]
[2020-07-02 17:23:42,934] - [test_login.py --> line:41] - [INFO] : [正在请求地址：http://test.lemonban.com/futureloan/mvc/api/member/login]
[2020-07-02 17:23:43,208] - [test_login.py --> line:62] - [INFO] : [[密码不正确] --> 该用例执行通过]
[2020-07-02 17:23:43,208] - [test_login.py --> line:41] - [INFO] : [正在请求地址：http://test.lemonban.com/futureloan/mvc/api/member/login]
[2020-07-02 17:23:43,488] - [test_login.py --> line:62] - [INFO] : [[账号不存在] --> 该用例执行通过]
[2020-07-02 17:23:43,488] - [test_login.py --> line:41] - [INFO] : [正在请求地址：http://test.lemonban.com/futureloan/mvc/api/member/login]
[2020-07-02 17:23:43,760] - [test_login.py --> line:62] - [INFO] : [[账号超长] --> 该用例执行通过]
[2020-07-02 17:23:43,760] - [test_login.py --> line:41] - [INFO] : [正在请求地址：http://test.lemonban.com/futureloan/mvc/api/member/login]
[2020-07-02 17:23:43,855] - [test_login.py --> line:62] - [INFO] : [[用户名为空] --> 该用例执行通过]
[2020-07-02 17:23:43,855] - [test_login.py --> line:41] - [INFO] : [正在请求地址：http://test.lemonban.com/futureloan/mvc/api/member/login]
[2020-07-02 17:23:43,948] - [test_login.py --> line:62] - [INFO] : [[密码为空] --> 该用例执行通过]
[2020-07-02 17:23:43,948] - [test_login.py --> line:41] - [INFO] : [正在请求地址：http://test.lemonban.com/futureloan/mvc/api/member/login]
[2020-07-02 17:23:44,033] - [test_login.py --> line:62] - [INFO] : [[用户名和密码为空] --> 该用例执行通过]
[2020-07-02 17:23:44,033] - [run_test.py --> line:20] - [INFO] : [---------------------------------------测试结束---------------------------------------]
[2020-07-03 09:14:23,202] - [run_test.py --> line:7] - [INFO] : [---------------------------------------测试开始---------------------------------------]
[2020-07-03 09:14:25,084] - [test_login.py --> line:41] - [INFO] : [正在请求地址：http://test.lemonban.com/futureloan/mvc/api/member/login]
[2020-07-03 09:14:25,883] - [test_login.py --> line:62] - [INFO] : [[正常登录成功] --> 该用例执行通过]
[2020-07-03 09:14:25,883] - [test_login.py --> line:41] - [INFO] : [正在请求地址：http://test.lemonban.com/futureloan/mvc/api/member/login]
[2020-07-03 09:14:26,154] - [test_login.py --> line:62] - [INFO] : [[密码不正确] --> 该用例执行通过]
[2020-07-03 09:14:26,154] - [test_login.py --> line:41] - [INFO] : [正在请求地址：http://test.lemonban.com/futureloan/mvc/api/member/login]
[2020-07-03 09:14:26,424] - [test_login.py --> line:62] - [INFO] : [[账号不存在] --> 该用例执行通过]
[2020-07-03 09:14:26,424] - [test_login.py --> line:41] - [INFO] : [正在请求地址：http://test.lemonban.com/futureloan/mvc/api/member/login]
[2020-07-03 09:14:26,694] - [test_login.py --> line:62] - [INFO] : [[账号超长] --> 该用例执行通过]
[2020-07-03 09:14:26,694] - [test_login.py --> line:41] - [INFO] : [正在请求地址：http://test.lemonban.com/futureloan/mvc/api/member/login]
[2020-07-03 09:14:26,784] - [test_login.py --> line:62] - [INFO] : [[用户名为空] --> 该用例执行通过]
[2020-07-03 09:14:26,784] - [test_login.py --> line:41] - [INFO] : [正在请求地址：http://test.lemonban.com/futureloan/mvc/api/member/login]
[2020-07-03 09:14:26,884] - [test_login.py --> line:62] - [INFO] : [[密码为空] --> 该用例执行通过]
[2020-07-03 09:14:26,884] - [test_login.py --> line:41] - [INFO] : [正在请求地址：http://test.lemonban.com/futureloan/mvc/api/member/login]
[2020-07-03 09:14:26,986] - [test_login.py --> line:62] - [INFO] : [[用户名和密码为空] --> 该用例执行通过]
[2020-07-03 09:14:26,986] - [run_test.py --> line:20] - [INFO] : [---------------------------------------测试结束---------------------------------------]
[2020-07-03 10:08:21,053] - [run_test.py --> line:7] - [INFO] : [---------------------------------------测试开始---------------------------------------]
[2020-07-03 10:08:21,680] - [run_test.py --> line:20] - [INFO] : [---------------------------------------测试结束---------------------------------------]
[2020-07-03 10:08:57,021] - [run_test.py --> line:7] - [INFO] : [---------------------------------------测试开始---------------------------------------]
[2020-07-03 10:08:57,646] - [test_login.py --> line:41] - [INFO] : [正在请求地址：http://test.lemonban.com/futureloan/mvc/api/member/login]
[2020-07-03 10:08:57,958] - [test_login.py --> line:62] - [INFO] : [[正常登录成功] --> 该用例执行通过]
[2020-07-03 10:08:57,959] - [test_login.py --> line:41] - [INFO] : [正在请求地址：http://test.lemonban.com/futureloan/mvc/api/member/login]
[2020-07-03 10:08:58,260] - [test_login.py --> line:62] - [INFO] : [[密码不正确] --> 该用例执行通过]
[2020-07-03 10:08:58,260] - [test_login.py --> line:41] - [INFO] : [正在请求地址：http://test.lemonban.com/futureloan/mvc/api/member/login]
[2020-07-03 10:08:58,518] - [test_login.py --> line:62] - [INFO] : [[账号不存在] --> 该用例执行通过]
[2020-07-03 10:08:58,518] - [test_login.py --> line:41] - [INFO] : [正在请求地址：http://test.lemonban.com/futureloan/mvc/api/member/login]
[2020-07-03 10:08:58,850] - [test_login.py --> line:62] - [INFO] : [[账号超长] --> 该用例执行通过]
[2020-07-03 10:08:58,850] - [test_login.py --> line:41] - [INFO] : [正在请求地址：http://test.lemonban.com/futureloan/mvc/api/member/login]
[2020-07-03 10:08:58,939] - [test_login.py --> line:62] - [INFO] : [[用户名为空] --> 该用例执行通过]
[2020-07-03 10:08:58,939] - [test_login.py --> line:41] - [INFO] : [正在请求地址：http://test.lemonban.com/futureloan/mvc/api/member/login]
[2020-07-03 10:08:59,031] - [test_login.py --> line:62] - [INFO] : [[密码为空] --> 该用例执行通过]
[2020-07-03 10:08:59,031] - [test_login.py --> line:41] - [INFO] : [正在请求地址：http://test.lemonban.com/futureloan/mvc/api/member/login]
[2020-07-03 10:08:59,116] - [test_login.py --> line:62] - [INFO] : [[用户名和密码为空] --> 该用例执行通过]
[2020-07-03 10:08:59,116] - [run_test.py --> line:20] - [INFO] : [---------------------------------------测试结束---------------------------------------]
[2020-07-03 11:21:50,910] - [run_test.py --> line:7] - [INFO] : [---------------------------------------测试开始---------------------------------------]
[2020-07-03 11:21:54,942] - [test_login.py --> line:42] - [INFO] : [正在请求地址：http://test.lemonban.com/futureloan/mvc/api/member/login]
[2020-07-03 11:21:55,201] - [test_login.py --> line:42] - [INFO] : [正在请求地址：http://test.lemonban.com/futureloan/mvc/api/member/login]
[2020-07-03 11:21:55,487] - [test_login.py --> line:42] - [INFO] : [正在请求地址：http://test.lemonban.com/futureloan/mvc/api/member/login]
[2020-07-03 11:21:55,734] - [test_login.py --> line:42] - [INFO] : [正在请求地址：http://test.lemonban.com/futureloan/mvc/api/member/login]
[2020-07-03 11:21:55,990] - [test_login.py --> line:42] - [INFO] : [正在请求地址：http://test.lemonban.com/futureloan/mvc/api/member/login]
[2020-07-03 11:21:56,055] - [test_login.py --> line:42] - [INFO] : [正在请求地址：http://test.lemonban.com/futureloan/mvc/api/member/login]
[2020-07-03 11:21:56,125] - [test_login.py --> line:42] - [INFO] : [正在请求地址：http://test.lemonban.com/futureloan/mvc/api/member/login]
[2020-07-03 11:21:56,212] - [run_test.py --> line:20] - [INFO] : [---------------------------------------测试结束---------------------------------------]
