----------警告信息----------
----------报错信息----------
----------严重错误信息----------
----------警告信息----------
----------报错信息----------
--------严重错误信息--------
----------警告信息----------
----------报错信息----------
--------严重错误信息--------
----------警告信息----------
----------报错信息----------
--------严重错误信息--------
----------警告信息----------
----------报错信息----------
--------严重错误信息--------
----------警告信息----------
----------报错信息----------
--------严重错误信息--------
----------警告信息----------
----------报错信息----------
--------严重错误信息--------
2020-07-01 16:58:38,125--logging01.py
2020-07-01 16:58:38,125--logging01.py
2020-07-01 16:58:38,125--logging01.py
2020-07-01 16:59:18,484： logging01.py ----------警告信息----------
2020-07-01 16:59:18,484： logging01.py ----------报错信息----------
2020-07-01 16:59:18,484： logging01.py --------严重错误信息--------
2020-07-01 17:00:43,550 - [logging01.py --> line:37] - WARNING ----------警告信息----------
2020-07-01 17:00:43,550 - [logging01.py --> line:38] - ERROR ----------报错信息----------
2020-07-01 17:00:43,550 - [logging01.py --> line:39] - CRITICAL --------严重错误信息--------
2020-07-01 17:01:04,002 - [logging01.py --> line:37] - WARNING	 ----------警告信息----------
2020-07-01 17:01:04,002 - [logging01.py --> line:38] - ERROR	 ----------报错信息----------
2020-07-01 17:01:04,002 - [logging01.py --> line:39] - CRITICAL	 --------严重错误信息--------
2020-07-01 17:01:14,259 - [logging01.py --> line:37] - WARNING		 ----------警告信息----------
2020-07-01 17:01:14,259 - [logging01.py --> line:38] - ERROR		 ----------报错信息----------
2020-07-01 17:01:14,259 - [logging01.py --> line:39] - CRITICAL		 --------严重错误信息--------
2020-07-01 17:01:18,978 - [logging01.py --> line:37] - WARNING ----------警告信息----------
2020-07-01 17:01:18,978 - [logging01.py --> line:38] - ERROR ----------报错信息----------
2020-07-01 17:01:18,978 - [logging01.py --> line:39] - CRITICAL --------严重错误信息--------
[2020-07-01 17:02:55,648] - [logging01.py --> line:37] - WARNING ----------警告信息----------
[2020-07-01 17:02:55,648] - [logging01.py --> line:38] - ERROR ----------报错信息----------
[2020-07-01 17:02:55,648] - [logging01.py --> line:39] - CRITICAL --------严重错误信息--------
[2020-07-01 17:03:10,695] - [logging01.py --> line:37] - [WARNING] - [----------警告信息----------]
[2020-07-01 17:03:10,695] - [logging01.py --> line:38] - [ERROR] - [----------报错信息----------]
[2020-07-01 17:03:10,695] - [logging01.py --> line:39] - [CRITICAL] - [--------严重错误信息--------]
[2020-07-01 17:03:21,452] - [logging01.py --> line:37] - [WARNING] --> [----------警告信息----------]
[2020-07-01 17:03:21,452] - [logging01.py --> line:38] - [ERROR] --> [----------报错信息----------]
[2020-07-01 17:03:21,452] - [logging01.py --> line:39] - [CRITICAL] --> [--------严重错误信息--------]
[2020-07-01 17:03:33,300] - [logging01.py --> line:37] - [WARNING] : [----------警告信息----------]
[2020-07-01 17:03:33,300] - [logging01.py --> line:38] - [ERROR] : [----------报错信息----------]
[2020-07-01 17:03:33,300] - [logging01.py --> line:39] - [CRITICAL] : [--------严重错误信息--------]
